[2020-10-17 08:56:18] æ·»åŠ äº†å­¦å·ä¸º 1000000002 çš„å­¦ç”Ÿä¿¡æ¯: insert into student_information(student_id, student_name) values (1000000002, 'ala') 
[2020-10-17 08:56:59] åˆ é™¤äº†å­¦å·ä¸º 1000000003 çš„å­¦ç”Ÿä¿¡æ¯: delete from selected_course_student where student_id = 1000000003 
[2020-10-17 08:57:55] ä¿®æ”¹äº†å­¦å·ä¸º 1000000002 çš„å­¦ç”Ÿä¿¡æ¯: update student_information set student_id = 1000000002, student_name = 'ir'  where student_id = ä¿®æ”¹äº†å­¦å·ä¸º 1000000002 çš„å­¦ç”Ÿä¿¡æ¯: delete from selected_course_student where student_id = 1000000003  
[2020-10-17 08:59:23] ä¿®æ”¹äº†å­¦å·ä¸º 1000000002 çš„å­¦ç”Ÿä¿¡æ¯: update student_information set student_id = 1000000002, student_name = 'dir'  where student_id =ä¿®æ”¹äº†å­¦å·ä¸º 1000000002 çš„å­¦ç”Ÿä¿¡æ¯:  
[2020-10-17 09:00:18] æ·»åŠ äº†å­¦å·ä¸º 1000000003 çš„å­¦ç”Ÿä¿¡æ¯: insert into student_information(student_id, student_name) values (1000000003, 'drr') 
[2020-10-17 09:00:31] åˆ é™¤äº†å­¦å·ä¸º 1000000003 çš„å­¦ç”Ÿä¿¡æ¯: delete from selected_course_student where student_id = 1000000003 
[2020-10-17 09:01:22] ä¿®æ”¹äº†å­¦å·ä¸º 1000000002 çš„å­¦ç”Ÿä¿¡æ¯: update student_information set student_id = 1410065410, student_name = 'opt'  where student_id = 1000000002 
[2020-10-17 09:01:47] ä¿®æ”¹äº†å­¦å·ä¸º 1410065410 çš„å­¦ç”Ÿä¿¡æ¯: update student_information set student_id = 1410065410, student_name = 'dir'  where student_name = 'opt' 
[2020-10-17 09:02:21] å¢åŠ äº†è¯¾ç¨‹ä¿¡æ¯: insert into course_information(course_name, course_nature, course_hours, course_credit, course_må¢åŠ äº†è¯¾ç¨‹ä¿¡æ¯: ­è¨€ç¼–ç¨‹', 'å¿…ä¿®è¯¾', 60, 4.500000, 100) 
[2020-10-17 09:02:38] ç»™ 1000000001 å¢åŠ äº†ç¼–å·ä¸º 21 è¯¾ç¨‹: insert ignore into selected_course_student(student_id, course_id) values (1000000001, 21) 
[2020-10-17 09:04:01] ä¿®æ”¹äº†ç¼–å·ä¸º 19 è¯¾ç¨‹ä¿¡æ¯: update course_information set course_name = 'Linuxç¼–ç¨‹', course_nature = 'é€‰ä¿®è¯¾', course_hä¿®æ”¹äº†ç¼–å·ä¸º 19 è¯¾ç¨‹ä¿¡æ¯:  course_max_people = 100 where course_number = 19 
[2020-10-17 09:08:06] å¢åŠ äº†è¯¾ç¨‹ä¿¡æ¯: insert into course_information(course_name, course_nature, course_hours, course_credit, course_max_people) values ('Javaç¼–ç¨‹', 'å¿…ä¿®è¯¾', 84, 4.500000, 100) 
[2020-10-17 09:08:23] å¢åŠ äº†è¯¾ç¨‹ä¿¡æ¯: insert into course_information(course_name, course_nature, course_hours, course_credit, course_max_people) values ('1', 'å¿…ä¿®è¯¾', 11, 1.000000, 1) 
[2020-10-17 09:08:31] åˆ é™¤äº†ç¼–å·ä¸º 23 è¯¾ç¨‹ä¿¡æ¯: delete from selected_course_student where course_id = 23 
[2020-10-17 09:09:32] ä¿®æ”¹äº†ç¼–å·ä¸º 19 è¯¾ç¨‹ä¿¡æ¯: update course_information set course_name = 'C#ç¼–ç¨‹', course_nature = 'é€‰ä¿®è¯¾', course_hours = 60, course_credit = 3.000000, course_max_people = 100 where course_number = 19 
[2020-10-17 09:10:15] ä¿®æ”¹äº†ç¼–å·ä¸º 19 è¯¾ç¨‹ä¿¡æ¯: update course_information set course_name = 'UIè®¾è®¡', course_nature = 'å…¬é€‰è¯¾', course_hours = 36, course_credit = 2.000000, course_max_people = 50 where course_name = 'C#ç¼–ç¨‹' 
[2020-10-17 11:03:47] æ·»åŠ äº†å­¦å·ä¸º 1000000004 çš„å­¦ç”Ÿä¿¡æ¯: insert into student_information(student_id, student_name) values (1000000004, 'qwe') 
[2020-10-17 11:06:13] åˆ é™¤äº†å­¦å·ä¸º 1000000004 çš„å­¦ç”Ÿä¿¡æ¯: delete from selected_course_student where student_id = 1000000004 
[2020-10-17 11:14:29] å¢åŠ äº†è¯¾ç¨‹ä¿¡æ¯: insert into course_information(course_name, course_nature, course_hours, course_credit, course_max_people) values ('è½¯ä»¶éœ€æ±‚', 'é€‰ä¿®è¯¾', 48, 2.000000, 100) 
[2020-10-17 11:14:55] åˆ é™¤äº†ç¼–å·ä¸º 24 è¯¾ç¨‹ä¿¡æ¯: delete from selected_course_student where course_id = 24 
[2020-10-17 11:15:39] ä¿®æ”¹äº†ç¼–å·ä¸º 19 è¯¾ç¨‹ä¿¡æ¯: update course_information set course_name = 'UIè®¾è®¡', course_nature = 'å…¬é€‰è¯¾', course_hours = 30, course_credit = 2.000000, course_max_people = 100 where course_number = 19 
[2020-10-17 11:16:18] ä¿®æ”¹äº†ç¼–å·ä¸º 16 è¯¾ç¨‹ä¿¡æ¯: update course_information set course_name = 'çº¿æ€§ä»£æ•°', course_nature = 'å¿…ä¿®è¯¾', course_hours = 100, course_credit = 5.000000, course_max_people = 100 where course_name = 'çº¿æ€§ä»£æ•°' 
[2020-10-17 11:16:44] ç»™ 1812001029 å¢åŠ äº†ç¼–å·ä¸º 22 è¯¾ç¨‹: insert ignore into selected_course_student(student_id, course_id) values (1812001029, 22) 
[2020-10-17 11:17:36] ç»™ 1812001029 åˆ é™¤äº†ç¼–å·ä¸º 22 è¯¾ç¨‹: delete from selected_course_student where student_id = 1812001029 and course_id = 22 
[2020-10-17 11:17:46] ç»™ 1812001029 å¢åŠ äº†ç¼–å·ä¸º 22 è¯¾ç¨‹: insert ignore into selected_course_student(student_id, course_id) values (1812001029, 22) 
[2020-10-17 11:18:05] åˆ é™¤äº†å­¦å·ä¸º 1812001028 çš„å­¦ç”Ÿä¿¡æ¯: delete from selected_course_student where student_id = 1812001028 
[2020-10-17 11:18:42] ä¿®æ”¹äº†å­¦å·ä¸º 1000000002 çš„å­¦ç”Ÿä¿¡æ¯: update student_information set student_id = 1000000002, student_name = 'drr'  where student_id = 1000000002 
[2020-10-17 11:19:00] ä¿®æ”¹äº†å­¦å·ä¸º 1000000000 çš„å­¦ç”Ÿä¿¡æ¯: update student_information set student_id = 1000000000, student_name = 'dir'  where student_name = 'drr' 
